This file contains any messages produced by compilers while
running configure, to aid debugging if configure makes a mistake.

It was created by tfd configure 0.4, which was
generated by GNU Autoconf 2.71.  Invocation command line was

  $ ./configure

## --------- ##
## Platform. ##
## --------- ##

hostname = DESKTOP-K7DH1DQ
uname -m = x86_64
uname -r = 3.2.0-340.x86_64
uname -s = MINGW64_NT-10.0-19044
uname -v = 2021-07-02 08:36 UTC

/usr/bin/uname -p = unknown
/bin/uname -X     = unknown

/bin/arch              = x86_64
/usr/bin/arch -k       = unknown
/usr/convex/getsysinfo = unknown
/usr/bin/hostinfo      = unknown
/bin/machine           = unknown
/usr/bin/oslevel       = unknown
/bin/universe          = unknown

PATH: /mingw64/bin/
PATH: /usr/local/bin/
PATH: /usr/bin/
PATH: /bin/
PATH: /c/Windows/System32/
PATH: /c/Windows/
PATH: /c/Windows/System32/Wbem/
PATH: /c/Windows/System32/WindowsPowerShell/v1.0/
PATH: /usr/bin/site_perl/
PATH: /usr/bin/vendor_perl/
PATH: /usr/bin/core_perl/


## ----------- ##
## Core tests. ##
## ----------- ##

configure:2242: loading site script /etc/config.site
| # This file is in public domain.
| # Original author: Karlson2k (Evgeny Grin)
| # Written for MSys2 to help running 'configure' scripts
| 
| # Defaults for MSys2/MinGW64-targeted programs
| 
| # Set proper selfname on bash and fallback to default name on other shells
| test -n "${BASH_SOURCE}" 2>/dev/null && config_site_me="${BASH_SOURCE[0]##*/}" || config_site_me=config.site
| 
| # Set default 'host' to speedup configure
| if test -z "$build_alias"; then
|   build_alias="${MSYSTEM_CHOST}"  && \
|     ${as_echo-echo} "$config_site_me:${as_lineno-$LINENO}: default build_alias set to $build_alias" >&5
| fi
| 
| # Set default 'prefix'
| if ( test -z "$prefix" || test "x$prefix" = "xNONE" ) && \
|     ( test -z "$exec_prefix" || test "x$exec_prefix" = "xNONE" ); then
|   prefix="${MSYSTEM_PREFIX}" && \
|     ${as_echo-echo} "$config_site_me:${as_lineno-$LINENO}: default prefix set to $prefix" >&5
| ficonfig.site:13: default build_alias set to x86_64-w64-mingw32
config.site:20: default prefix set to /mingw64
configure:2817: looking for aux files: config.guess config.sub ltmain.sh ar-lib compile missing install-sh
configure:2830:  trying ./
configure:2859:   ./config.guess found
configure:2859:   ./config.sub found
configure:2859:   ./ltmain.sh found
configure:2859:   ./ar-lib found
configure:2859:   ./compile found
configure:2859:   ./missing found
configure:2841:   ./install-sh found
configure:2988: checking for a BSD-compatible install
configure:3061: result: /usr/bin/install -c
configure:3072: checking whether build environment is sane
configure:3127: result: yes
configure:3286: checking for a race-free mkdir -p
configure:3330: result: /usr/bin/mkdir -p
configure:3337: checking for gawk
configure:3358: found /usr/bin/gawk
configure:3369: result: gawk
configure:3380: checking whether make sets $(MAKE)
configure:3403: result: yes
configure:3433: checking whether make supports nested variables
configure:3451: result: yes
configure:3589: checking whether make supports nested variables
configure:3607: result: yes
configure:3688: checking for g++
configure:3709: found /mingw64/bin/g++
configure:3720: result: g++
configure:3747: checking for C++ compiler version
configure:3756: g++ --version >&5
g++.exe (Rev5, Built by MSYS2 project) 10.3.0
Copyright (C) 2020 Free Software Foundation, Inc.
This is free software; see the source for copying conditions.  There is NO
warranty; not even for MERCHANTABILITY or FITNESS FOR A PARTICULAR PURPOSE.

configure:3767: $? = 0
configure:3756: g++ -v >&5
Using built-in specs.
COLLECT_GCC=C:\msys64\mingw64\bin\g++.exe
COLLECT_LTO_WRAPPER=C:/msys64/mingw64/bin/../lib/gcc/x86_64-w64-mingw32/10.3.0/lto-wrapper.exe
Target: x86_64-w64-mingw32
Configured with: ../gcc-10.3.0/configure --prefix=/mingw64 --with-local-prefix=/mingw64/local --build=x86_64-w64-mingw32 --host=x86_64-w64-mingw32 --target=x86_64-w64-mingw32 --with-native-system-header-dir=/mingw64/x86_64-w64-mingw32/include --libexecdir=/mingw64/lib --enable-bootstrap --enable-checking=release --with-arch=x86-64 --with-tune=generic --enable-languages=c,lto,c++,fortran,ada,objc,obj-c++,jit --enable-shared --enable-static --enable-libatomic --enable-threads=posix --enable-graphite --enable-fully-dynamic-string --enable-libstdcxx-filesystem-ts=yes --enable-libstdcxx-time=yes --disable-libstdcxx-pch --disable-libstdcxx-debug --enable-lto --enable-libgomp --disable-multilib --disable-rpath --disable-win32-registry --disable-nls --disable-werror --disable-symvers --with-libiconv --with-system-zlib --with-gmp=/mingw64 --with-mpfr=/mingw64 --with-mpc=/mingw64 --with-isl=/mingw64 --with-pkgversion='Rev5, Built by MSYS2 project' --with-bugurl=https://github.com/msys2/MINGW-packages/issues --with-gnu-as --with-gnu-ld --with-boot-ldflags='-pipe -Wl,--dynamicbase,--high-entropy-va,--nxcompat,--default-image-base-high -Wl,--disable-dynamicbase -static-libstdc++ -static-libgcc' 'LDFLAGS_FOR_TARGET=-pipe -Wl,--dynamicbase,--high-entropy-va,--nxcompat,--default-image-base-high' --enable-linker-plugin-flags='LDFLAGS=-static-libstdc++\ -static-libgcc\ -pipe\ -Wl,--dynamicbase,--high-entropy-va,--nxcompat,--default-image-base-high\ -Wl,--stack,12582912'
Thread model: posix
Supported LTO compression algorithms: zlib zstd
gcc version 10.3.0 (Rev5, Built by MSYS2 project) 
configure:3767: $? = 0
configure:3756: g++ -V >&5
g++.exe: error: unrecognized command-line option '-V'
g++.exe: fatal error: no input files
compilation terminated.
configure:3767: $? = 1
configure:3756: g++ -qversion >&5
g++.exe: error: unrecognized command-line option '-qversion'; did you mean '--version'?
g++.exe: fatal error: no input files
compilation terminated.
configure:3767: $? = 1
configure:3787: checking whether the C++ compiler works
configure:3809: g++    conftest.cpp  >&5
configure:3813: $? = 0
configure:3863: result: yes
configure:3866: checking for C++ compiler default output file name
configure:3868: result: a.exe
configure:3874: checking for suffix of executables
configure:3881: g++ -o conftest.exe    conftest.cpp  >&5
configure:3885: $? = 0
configure:3908: result: .exe
configure:3930: checking whether we are cross compiling
configure:3938: g++ -o conftest.exe    conftest.cpp  >&5
configure:3942: $? = 0
configure:3949: ./conftest.exe
configure:3953: $? = 0
configure:3968: result: no
configure:3973: checking for suffix of object files
configure:3996: g++ -c   conftest.cpp >&5
configure:4000: $? = 0
configure:4022: result: o
configure:4026: checking whether the compiler supports GNU C++
configure:4046: g++ -c   conftest.cpp >&5
configure:4046: $? = 0
configure:4056: result: yes
configure:4067: checking whether g++ accepts -g
configure:4088: g++ -c -g  conftest.cpp >&5
configure:4088: $? = 0
configure:4132: result: yes
configure:4152: checking for g++ option to enable C++11 features
configure:4167: g++  -c -g -O2  conftest.cpp >&5
configure:4167: $? = 0
configure:4185: result: none needed
configure:4252: checking whether make supports the include directive
configure:4267: make -f confmf.GNU && cat confinc.out
this is the am__doit target
configure:4270: $? = 0
configure:4289: result: yes (GNU style)
configure:4315: checking dependency style of g++
configure:4427: result: gcc3
configure:4504: checking for gcc
configure:4525: found /mingw64/bin/gcc
configure:4536: result: gcc
configure:4889: checking for C compiler version
configure:4898: gcc --version >&5
gcc.exe (Rev5, Built by MSYS2 project) 10.3.0
Copyright (C) 2020 Free Software Foundation, Inc.
This is free software; see the source for copying conditions.  There is NO
warranty; not even for MERCHANTABILITY or FITNESS FOR A PARTICULAR PURPOSE.

configure:4909: $? = 0
configure:4898: gcc -v >&5
Using built-in specs.
COLLECT_GCC=C:\msys64\mingw64\bin\gcc.exe
COLLECT_LTO_WRAPPER=C:/msys64/mingw64/bin/../lib/gcc/x86_64-w64-mingw32/10.3.0/lto-wrapper.exe
Target: x86_64-w64-mingw32
Configured with: ../gcc-10.3.0/configure --prefix=/mingw64 --with-local-prefix=/mingw64/local --build=x86_64-w64-mingw32 --host=x86_64-w64-mingw32 --target=x86_64-w64-mingw32 --with-native-system-header-dir=/mingw64/x86_64-w64-mingw32/include --libexecdir=/mingw64/lib --enable-bootstrap --enable-checking=release --with-arch=x86-64 --with-tune=generic --enable-languages=c,lto,c++,fortran,ada,objc,obj-c++,jit --enable-shared --enable-static --enable-libatomic --enable-threads=posix --enable-graphite --enable-fully-dynamic-string --enable-libstdcxx-filesystem-ts=yes --enable-libstdcxx-time=yes --disable-libstdcxx-pch --disable-libstdcxx-debug --enable-lto --enable-libgomp --disable-multilib --disable-rpath --disable-win32-registry --disable-nls --disable-werror --disable-symvers --with-libiconv --with-system-zlib --with-gmp=/mingw64 --with-mpfr=/mingw64 --with-mpc=/mingw64 --with-isl=/mingw64 --with-pkgversion='Rev5, Built by MSYS2 project' --with-bugurl=https://github.com/msys2/MINGW-packages/issues --with-gnu-as --with-gnu-ld --with-boot-ldflags='-pipe -Wl,--dynamicbase,--high-entropy-va,--nxcompat,--default-image-base-high -Wl,--disable-dynamicbase -static-libstdc++ -static-libgcc' 'LDFLAGS_FOR_TARGET=-pipe -Wl,--dynamicbase,--high-entropy-va,--nxcompat,--default-image-base-high' --enable-linker-plugin-flags='LDFLAGS=-static-libstdc++\ -static-libgcc\ -pipe\ -Wl,--dynamicbase,--high-entropy-va,--nxcompat,--default-image-base-high\ -Wl,--stack,12582912'
Thread model: posix
Supported LTO compression algorithms: zlib zstd
gcc version 10.3.0 (Rev5, Built by MSYS2 project) 
configure:4909: $? = 0
configure:4898: gcc -V >&5
gcc.exe: error: unrecognized command-line option '-V'
gcc.exe: fatal error: no input files
compilation terminated.
configure:4909: $? = 1
configure:4898: gcc -qversion >&5
gcc.exe: error: unrecognized command-line option '-qversion'; did you mean '--version'?
gcc.exe: fatal error: no input files
compilation terminated.
configure:4909: $? = 1
configure:4898: gcc -version >&5
gcc.exe: error: unrecognized command-line option '-version'
gcc.exe: fatal error: no input files
compilation terminated.
configure:4909: $? = 1
configure:4913: checking whether the compiler supports GNU C
configure:4933: gcc -c   conftest.c >&5
configure:4933: $? = 0
configure:4943: result: yes
configure:4954: checking whether gcc accepts -g
configure:4975: gcc -c -g  conftest.c >&5
configure:4975: $? = 0
configure:5019: result: yes
configure:5039: checking for gcc option to enable C11 features
configure:5054: gcc  -c -g -O2  conftest.c >&5
configure:5054: $? = 0
configure:5072: result: none needed
configure:5188: checking whether gcc understands -c and -o together
configure:5211: gcc -c conftest.c -o conftest2.o
configure:5214: $? = 0
configure:5211: gcc -c conftest.c -o conftest2.o
configure:5214: $? = 0
configure:5226: result: yes
configure:5245: checking dependency style of gcc
configure:5357: result: gcc3
configure:5381: checking dependency style of gcc
configure:5491: result: gcc3
configure:5562: checking for ar
configure:5583: found /mingw64/bin/ar
configure:5594: result: ar
configure:5620: checking the archiver (ar) interface
configure:5637: gcc -c -g -O2  conftest.c >&5
configure:5637: $? = 0
configure:5640: ar cru libconftest.a conftest.o >&5
configure:5643: $? = 0
configure:5671: result: ar
configure:5727: checking for a Python interpreter with version >= 3.7
configure:5745: python -c import sys # split strings by '.' and convert to numeric. Append some zeros # because we need at least 4 digits for the hex conversion. # map returns an iterator in Python 3.0 and a list in 2.x minver = list(map(int, '3.7'.split('.'))) + [0, 0, 0] minverhex = 0 # xrange is not present in Python 3.0 and range returns an iterator for i in list(range(0, 4)): minverhex = (minverhex << 8) + minver[i] sys.exit(sys.hexversion < minverhex)
configure:5748: $? = 0
configure:5755: result: python
configure:5763: checking for python
configure:5786: found /mingw64/bin/python
configure:5798: result: /mingw64/bin/python
configure:5816: checking for python version
configure:5824: result: 3.8
configure:5836: checking for python platform
configure:5844: result: win32
configure:5870: checking for python script directory
configure:5906: result: ${prefix}/lib/python3.8/site-packages
configure:5915: checking for python extension module directory
configure:5951: result: ${exec_prefix}/lib/python3.8/site-packages
configure:5997: checking build system type
configure:6012: result: x86_64-w64-mingw32
configure:6032: checking host system type
configure:6046: result: x86_64-w64-mingw32
configure:6087: checking how to print strings
configure:6114: result: printf
configure:6135: checking for a sed that does not truncate output
configure:6205: result: /usr/bin/sed
configure:6223: checking for grep that handles long lines and -e
configure:6287: result: /usr/bin/grep
configure:6292: checking for egrep
configure:6360: result: /usr/bin/grep -E
configure:6365: checking for fgrep
configure:6433: result: /usr/bin/grep -F
configure:6469: checking for ld used by gcc
configure:6537: result: C:/msys64/mingw64/x86_64-w64-mingw32/bin/ld.exe
configure:6544: checking if the linker (C:/msys64/mingw64/x86_64-w64-mingw32/bin/ld.exe) is GNU ld
configure:6560: result: yes
configure:6572: checking for BSD- or MS-compatible name lister (nm)
configure:6627: result: /mingw64/bin/nm -B
configure:6767: checking the name lister (/mingw64/bin/nm -B) interface
configure:6775: gcc -c -g -O2  conftest.c >&5
configure:6778: /mingw64/bin/nm -B "conftest.o"
configure:6781: output
0000000000000000 b .bss
0000000000000000 d .data
0000000000000000 N .debug_abbrev
0000000000000000 N .debug_aranges
0000000000000000 N .debug_info
0000000000000000 N .debug_line
0000000000000000 r .rdata$zzz
0000000000000000 t .text
0000000000000000 B some_variable
configure:6788: result: BSD nm
configure:6791: checking whether ln -s works
configure:6798: result: no, using cp -pR
configure:6803: checking the maximum length of command line arguments
configure:6935: result: 8192
configure:6983: checking how to convert x86_64-w64-mingw32 file names to x86_64-w64-mingw32 format
configure:7024: result: func_convert_file_msys_to_w32
configure:7031: checking how to convert x86_64-w64-mingw32 file names to toolchain format
configure:7052: result: func_convert_file_msys_to_w32
configure:7059: checking for C:/msys64/mingw64/x86_64-w64-mingw32/bin/ld.exe option to reload object files
configure:7067: result: -r
configure:7146: checking for objdump
configure:7167: found /mingw64/bin/objdump
configure:7178: result: objdump
configure:7210: checking how to recognize dependent libraries
configure:7411: result: file_magic ^x86 archive import|^x86 DLL
configure:7501: checking for dlltool
configure:7522: found /mingw64/bin/dlltool
configure:7533: result: dlltool
configure:7566: checking how to associate runtime and link libraries
configure:7594: result: func_cygming_dll_for_implib
configure:7728: checking for archiver @FILE support
configure:7746: gcc -c -g -O2  conftest.c >&5
configure:7746: $? = 0
configure:7750: ar cru libconftest.a @conftest.lst >&5
configure:7753: $? = 0
configure:7758: ar cru libconftest.a @conftest.lst >&5
C:\msys64\mingw64\bin\ar.exe: conftest.o: No such file or directory
configure:7761: $? = 1
configure:7773: result: @
configure:7836: checking for strip
configure:7857: found /mingw64/bin/strip
configure:7868: result: strip
configure:7945: checking for ranlib
configure:7966: found /mingw64/bin/ranlib
configure:7977: result: ranlib
configure:8079: checking command to parse /mingw64/bin/nm -B output from gcc object
configure:8233: gcc -c -g -O2  conftest.c >&5
configure:8236: $? = 0
configure:8240: /mingw64/bin/nm -B conftest.o \| sed -n -e 's/^.*[ ]\([ABCDGIRSTW][ABCDGIRSTW]*\)[ ][ ]*\([_A-Za-z][_A-Za-z0-9]*\)\{0,1\}$/\1 \2 \2/p' | sed '/ __gnu_lto/d' \> conftest.nm
configure:8243: $? = 0
configure:8309: gcc -o conftest.exe -g -O2   conftest.c conftstm.o >&5
configure:8312: $? = 0
configure:8350: result: ok
configure:8397: checking for sysroot
configure:8428: result: no
configure:8435: checking for a working dd
configure:8479: result: /usr/bin/dd
configure:8483: checking how to truncate binary pipes
configure:8499: result: /usr/bin/dd bs=4096 count=1
configure:8836: checking for mt
configure:8871: result: no
configure:8891: checking if : is a manifest tool
configure:8898: : '-?'
configure:8906: result: no
configure:9636: checking for stdio.h
configure:9636: gcc -c -g -O2  conftest.c >&5
configure:9636: $? = 0
configure:9636: result: yes
configure:9636: checking for stdlib.h
configure:9636: gcc -c -g -O2  conftest.c >&5
configure:9636: $? = 0
configure:9636: result: yes
configure:9636: checking for string.h
configure:9636: gcc -c -g -O2  conftest.c >&5
configure:9636: $? = 0
configure:9636: result: yes
configure:9636: checking for inttypes.h
configure:9636: gcc -c -g -O2  conftest.c >&5
configure:9636: $? = 0
configure:9636: result: yes
configure:9636: checking for stdint.h
configure:9636: gcc -c -g -O2  conftest.c >&5
configure:9636: $? = 0
configure:9636: result: yes
configure:9636: checking for strings.h
configure:9636: gcc -c -g -O2  conftest.c >&5
configure:9636: $? = 0
configure:9636: result: yes
configure:9636: checking for sys/stat.h
configure:9636: gcc -c -g -O2  conftest.c >&5
configure:9636: $? = 0
configure:9636: result: yes
configure:9636: checking for sys/types.h
configure:9636: gcc -c -g -O2  conftest.c >&5
configure:9636: $? = 0
configure:9636: result: yes
configure:9636: checking for unistd.h
configure:9636: gcc -c -g -O2  conftest.c >&5
configure:9636: $? = 0
configure:9636: result: yes
configure:9661: checking for dlfcn.h
configure:9661: gcc -c -g -O2  conftest.c >&5
conftest.c:50:10: fatal error: dlfcn.h: No such file or directory
   50 | #include <dlfcn.h>
      |          ^~~~~~~~~
compilation terminated.
configure:9661: $? = 1
configure: failed program was:
| /* confdefs.h */
| #define PACKAGE_NAME "tfd"
| #define PACKAGE_TARNAME "tfd"
| #define PACKAGE_VERSION "0.4"
| #define PACKAGE_STRING "tfd 0.4"
| #define PACKAGE_BUGREPORT ""
| #define PACKAGE_URL ""
| #define PACKAGE "tfd"
| #define VERSION "0.4"
| #define HAVE_STDIO_H 1
| #define HAVE_STDLIB_H 1
| #define HAVE_STRING_H 1
| #define HAVE_INTTYPES_H 1
| #define HAVE_STDINT_H 1
| #define HAVE_STRINGS_H 1
| #define HAVE_SYS_STAT_H 1
| #define HAVE_SYS_TYPES_H 1
| #define HAVE_UNISTD_H 1
| #define STDC_HEADERS 1
| /* end confdefs.h.  */
| #include <stddef.h>
| #ifdef HAVE_STDIO_H
| # include <stdio.h>
| #endif
| #ifdef HAVE_STDLIB_H
| # include <stdlib.h>
| #endif
| #ifdef HAVE_STRING_H
| # include <string.h>
| #endif
| #ifdef HAVE_INTTYPES_H
| # include <inttypes.h>
| #endif
| #ifdef HAVE_STDINT_H
| # include <stdint.h>
| #endif
| #ifdef HAVE_STRINGS_H
| # include <strings.h>
| #endif
| #ifdef HAVE_SYS_TYPES_H
| # include <sys/types.h>
| #endif
| #ifdef HAVE_SYS_STAT_H
| # include <sys/stat.h>
| #endif
| #ifdef HAVE_UNISTD_H
| # include <unistd.h>
| #endif
| 
| #include <dlfcn.h>
configure:9661: result: no
configure:9931: checking for objdir
configure:9947: result: .libs
configure:10211: checking if gcc supports -fno-rtti -fno-exceptions
configure:10230: gcc -c -g -O2  -fno-rtti -fno-exceptions conftest.c >&5
cc1.exe: warning: command-line option '-fno-rtti' is valid for C++/D/ObjC++ but not for C
configure:10234: $? = 0
configure:10247: result: no
configure:10605: checking for gcc option to produce PIC
configure:10613: result: -DDLL_EXPORT -DPIC
configure:10621: checking if gcc PIC flag -DDLL_EXPORT -DPIC works
configure:10640: gcc -c -g -O2  -DDLL_EXPORT -DPIC -DPIC conftest.c >&5
configure:10644: $? = 0
configure:10657: result: yes
configure:10686: checking if gcc static flag -static works
configure:10715: result: yes
configure:10730: checking if gcc supports -c -o file.o
configure:10752: gcc -c -g -O2  -o out/conftest2.o conftest.c >&5
configure:10756: $? = 0
configure:10778: result: yes
configure:10786: checking if gcc supports -c -o file.o
configure:10834: result: yes
configure:10867: checking whether the gcc linker (C:/msys64/mingw64/x86_64-w64-mingw32/bin/ld.exe) supports shared libraries
configure:12134: result: yes
configure:12171: checking whether -lc should be explicitly linked in
configure:12180: gcc -c -g -O2  conftest.c >&5
configure:12183: $? = 0
configure:12198: gcc -shared conftest.o  -v -o ./conftest -Wl,--enable-auto-image-base -Xlinker --out-implib -Xlinker conftest 2\>\&1 \| /usr/bin/grep  -lc  \>/dev/null 2\>\&1
configure:12201: $? = 1
configure:12215: result: yes
configure:12375: checking dynamic linker characteristics
configure:13202: result: Win32 ld.exe
configure:13324: checking how to hardcode library paths into programs
configure:13349: result: immediate
configure:13901: checking whether stripping libraries is possible
configure:13906: result: yes
configure:13941: checking if libtool supports shared libraries
configure:13943: result: yes
configure:13946: checking whether to build shared libraries
configure:13971: result: yes
configure:13974: checking whether to build static libraries
configure:13978: result: yes
configure:14001: checking how to run the C++ preprocessor
configure:14023: g++ -E  conftest.cpp
configure:14023: $? = 0
configure:14038: g++ -E  conftest.cpp
conftest.cpp:22:10: fatal error: ac_nonexistent.h: No such file or directory
   22 | #include <ac_nonexistent.h>
      |          ^~~~~~~~~~~~~~~~~~
compilation terminated.
configure:14038: $? = 1
configure: failed program was:
| /* confdefs.h */
| #define PACKAGE_NAME "tfd"
| #define PACKAGE_TARNAME "tfd"
| #define PACKAGE_VERSION "0.4"
| #define PACKAGE_STRING "tfd 0.4"
| #define PACKAGE_BUGREPORT ""
| #define PACKAGE_URL ""
| #define PACKAGE "tfd"
| #define VERSION "0.4"
| #define HAVE_STDIO_H 1
| #define HAVE_STDLIB_H 1
| #define HAVE_STRING_H 1
| #define HAVE_INTTYPES_H 1
| #define HAVE_STDINT_H 1
| #define HAVE_STRINGS_H 1
| #define HAVE_SYS_STAT_H 1
| #define HAVE_SYS_TYPES_H 1
| #define HAVE_UNISTD_H 1
| #define STDC_HEADERS 1
| #define LT_OBJDIR ".libs/"
| /* end confdefs.h.  */
| #include <ac_nonexistent.h>
configure:14065: result: g++ -E
configure:14079: g++ -E  conftest.cpp
configure:14079: $? = 0
configure:14094: g++ -E  conftest.cpp
conftest.cpp:22:10: fatal error: ac_nonexistent.h: No such file or directory
   22 | #include <ac_nonexistent.h>
      |          ^~~~~~~~~~~~~~~~~~
compilation terminated.
configure:14094: $? = 1
configure: failed program was:
| /* confdefs.h */
| #define PACKAGE_NAME "tfd"
| #define PACKAGE_TARNAME "tfd"
| #define PACKAGE_VERSION "0.4"
| #define PACKAGE_STRING "tfd 0.4"
| #define PACKAGE_BUGREPORT ""
| #define PACKAGE_URL ""
| #define PACKAGE "tfd"
| #define VERSION "0.4"
| #define HAVE_STDIO_H 1
| #define HAVE_STDLIB_H 1
| #define HAVE_STRING_H 1
| #define HAVE_INTTYPES_H 1
| #define HAVE_STDINT_H 1
| #define HAVE_STRINGS_H 1
| #define HAVE_SYS_STAT_H 1
| #define HAVE_SYS_TYPES_H 1
| #define HAVE_UNISTD_H 1
| #define STDC_HEADERS 1
| #define LT_OBJDIR ".libs/"
| /* end confdefs.h.  */
| #include <ac_nonexistent.h>
configure:14259: checking for ld used by g++
configure:14327: result: C:/msys64/mingw64/x86_64-w64-mingw32/bin/ld.exe
configure:14334: checking if the linker (C:/msys64/mingw64/x86_64-w64-mingw32/bin/ld.exe) is GNU ld
configure:14350: result: yes
configure:14405: checking whether the g++ linker (C:/msys64/mingw64/x86_64-w64-mingw32/bin/ld.exe) supports shared libraries
configure:15483: result: yes
configure:15519: g++ -c -g -O2  conftest.cpp >&5
configure:15522: $? = 0
configure:16003: checking for g++ option to produce PIC
configure:16011: result: -DDLL_EXPORT -DPIC
configure:16019: checking if g++ PIC flag -DDLL_EXPORT -DPIC works
configure:16038: g++ -c -g -O2  -DDLL_EXPORT -DPIC -DPIC conftest.cpp >&5
configure:16042: $? = 0
configure:16055: result: yes
configure:16078: checking if g++ static flag -static works
configure:16107: result: yes
configure:16119: checking if g++ supports -c -o file.o
configure:16141: g++ -c -g -O2  -o out/conftest2.o conftest.cpp >&5
configure:16145: $? = 0
configure:16167: result: yes
configure:16172: checking if g++ supports -c -o file.o
configure:16220: result: yes
configure:16250: checking whether the g++ linker (C:/msys64/mingw64/x86_64-w64-mingw32/bin/ld.exe) supports shared libraries
configure:16290: result: yes
configure:16432: checking dynamic linker characteristics
configure:17185: result: Win32 ld.exe
configure:17250: checking how to hardcode library paths into programs
configure:17275: result: immediate
configure:17357: checking whether g++ supports C++14 features with -std=c++14
configure:17774: g++ -std=c++14 -c -g -O2  conftest.cpp >&5
configure:17774: $? = 0
configure:17784: result: yes
configure:17823: checking whether C++ compiler accepts -Wall
configure:17843: g++ -std=c++14 -c -g -O2  -Wall  conftest.cpp >&5
configure:17843: $? = 0
configure:17852: result: yes
configure:17947: checking for pkg-config
configure:17970: found /mingw64/bin/pkg-config
configure:17982: result: /mingw64/bin/pkg-config
configure:18007: checking pkg-config is at least version 0.9.0
configure:18010: result: yes
configure:18021: checking for XAYAGAME
configure:18028: $PKG_CONFIG --exists --print-errors "libxayautil libxayagame"
configure:18031: $? = 0
configure:18045: $PKG_CONFIG --exists --print-errors "libxayautil libxayagame"
configure:18048: $? = 0
configure:18106: result: yes
configure:18112: checking for CHARON
configure:18119: $PKG_CONFIG --exists --print-errors "charon"
configure:18122: $? = 0
configure:18136: $PKG_CONFIG --exists --print-errors "charon"
configure:18139: $? = 0
configure:18197: result: yes
configure:18203: checking for SQLITE3
configure:18210: $PKG_CONFIG --exists --print-errors "sqlite3"
configure:18213: $? = 0
configure:18227: $PKG_CONFIG --exists --print-errors "sqlite3"
configure:18230: $? = 0
configure:18288: result: yes
configure:18294: checking for JSON
configure:18301: $PKG_CONFIG --exists --print-errors "jsoncpp"
configure:18304: $? = 0
configure:18318: $PKG_CONFIG --exists --print-errors "jsoncpp"
configure:18321: $? = 0
configure:18379: result: yes
configure:18385: checking for MHD
configure:18392: $PKG_CONFIG --exists --print-errors "libmicrohttpd"
configure:18395: $? = 0
configure:18409: $PKG_CONFIG --exists --print-errors "libmicrohttpd"
configure:18412: $? = 0
configure:18470: result: yes
configure:18476: checking for GLOG
configure:18483: $PKG_CONFIG --exists --print-errors "libglog"
configure:18486: $? = 0
configure:18500: $PKG_CONFIG --exists --print-errors "libglog"
configure:18503: $? = 0
configure:18561: result: yes
configure:18567: checking for GFLAGS
configure:18574: $PKG_CONFIG --exists --print-errors "gflags"
configure:18577: $? = 0
configure:18591: $PKG_CONFIG --exists --print-errors "gflags"
configure:18594: $? = 0
configure:18652: result: yes
configure:18658: checking for GTEST
configure:18665: $PKG_CONFIG --exists --print-errors "gmock gtest"
configure:18668: $? = 0
configure:18682: $PKG_CONFIG --exists --print-errors "gmock gtest"
configure:18685: $? = 0
configure:18743: result: yes
configure:18749: checking for GTEST_MAIN
configure:18756: $PKG_CONFIG --exists --print-errors "gtest_main"
configure:18759: $? = 0
configure:18773: $PKG_CONFIG --exists --print-errors "gtest_main"
configure:18776: $? = 0
configure:18834: result: yes
configure:18840: checking for PROTOBUF
configure:18847: $PKG_CONFIG --exists --print-errors "protobuf"
configure:18850: $? = 0
configure:18864: $PKG_CONFIG --exists --print-errors "protobuf"
configure:18867: $? = 0
configure:18925: result: yes
configure:18936: checking for BENCHMARK
configure:18943: $PKG_CONFIG --exists --print-errors "benchmark"
configure:18946: $? = 0
configure:18960: $PKG_CONFIG --exists --print-errors "benchmark"
configure:18963: $? = 0
configure:19021: result: yes
configure:19028: checking for __gmpz_init in -lgmp
configure:19050: g++ -std=c++14 -o conftest.exe -g -O2 -Wall -DGLOG_NO_ABBREVIATED_SEVERITIES   conftest.cpp -lgmp   >&5
configure:19050: $? = 0
configure:19060: result: yes
configure:19186: checking that generated files are newer than configure
configure:19192: result: done
configure:19223: creating ./config.status

## ---------------------- ##
## Running config.status. ##
## ---------------------- ##

This file was extended by tfd config.status 0.4, which was
generated by GNU Autoconf 2.71.  Invocation command line was

  CONFIG_FILES    = 
  CONFIG_HEADERS  = 
  CONFIG_LINKS    = 
  CONFIG_COMMANDS = 
  $ ./config.status 

on DESKTOP-K7DH1DQ

config.status:1211: creating Makefile
config.status:1211: creating data/Makefile
config.status:1211: creating libwinsane/Makefile
config.status:1211: creating database/Makefile
config.status:1211: creating gametest/Makefile
config.status:1211: creating proto/Makefile
config.status:1211: creating proto2/Makefile
config.status:1211: creating src/Makefile
config.status:1211: creating config.h
config.status:1392: config.h is unchanged
config.status:1440: executing depfiles commands
config.status:1517: cd libwinsane       && sed -e '/# am--include-marker/d' Makefile         | make -f - am--depfiles
make: Nothing to be done for 'am--depfiles'.
config.status:1522: $? = 0
config.status:1517: cd database       && sed -e '/# am--include-marker/d' Makefile         | make -f - am--depfiles
make: Nothing to be done for 'am--depfiles'.
config.status:1522: $? = 0
config.status:1517: cd proto       && sed -e '/# am--include-marker/d' Makefile         | make -f - am--depfiles
make: Nothing to be done for 'am--depfiles'.
config.status:1522: $? = 0
config.status:1517: cd proto2       && sed -e '/# am--include-marker/d' Makefile         | make -f - am--depfiles
make: Nothing to be done for 'am--depfiles'.
config.status:1522: $? = 0
config.status:1517: cd src       && sed -e '/# am--include-marker/d' Makefile         | make -f - am--depfiles
make: Nothing to be done for 'am--depfiles'.
config.status:1522: $? = 0
config.status:1440: executing libtool commands

## ---------------- ##
## Cache variables. ##
## ---------------- ##

ac_cv_build=x86_64-w64-mingw32
ac_cv_c_compiler_gnu=yes
ac_cv_cxx_compiler_gnu=yes
ac_cv_env_BENCHMARK_CFLAGS_set=
ac_cv_env_BENCHMARK_CFLAGS_value=
ac_cv_env_BENCHMARK_LIBS_set=
ac_cv_env_BENCHMARK_LIBS_value=
ac_cv_env_CCASFLAGS_set=
ac_cv_env_CCASFLAGS_value=
ac_cv_env_CCAS_set=
ac_cv_env_CCAS_value=
ac_cv_env_CCC_set=
ac_cv_env_CCC_value=
ac_cv_env_CC_set=
ac_cv_env_CC_value=
ac_cv_env_CFLAGS_set=
ac_cv_env_CFLAGS_value=
ac_cv_env_CHARON_CFLAGS_set=
ac_cv_env_CHARON_CFLAGS_value=
ac_cv_env_CHARON_LIBS_set=
ac_cv_env_CHARON_LIBS_value=
ac_cv_env_CPPFLAGS_set=
ac_cv_env_CPPFLAGS_value=
ac_cv_env_CXXCPP_set=
ac_cv_env_CXXCPP_value=
ac_cv_env_CXXFLAGS_set=
ac_cv_env_CXXFLAGS_value=
ac_cv_env_CXX_set=
ac_cv_env_CXX_value=
ac_cv_env_GFLAGS_CFLAGS_set=
ac_cv_env_GFLAGS_CFLAGS_value=
ac_cv_env_GFLAGS_LIBS_set=
ac_cv_env_GFLAGS_LIBS_value=
ac_cv_env_GLOG_CFLAGS_set=
ac_cv_env_GLOG_CFLAGS_value=
ac_cv_env_GLOG_LIBS_set=
ac_cv_env_GLOG_LIBS_value=
ac_cv_env_GTEST_CFLAGS_set=
ac_cv_env_GTEST_CFLAGS_value=
ac_cv_env_GTEST_LIBS_set=
ac_cv_env_GTEST_LIBS_value=
ac_cv_env_GTEST_MAIN_CFLAGS_set=
ac_cv_env_GTEST_MAIN_CFLAGS_value=
ac_cv_env_GTEST_MAIN_LIBS_set=
ac_cv_env_GTEST_MAIN_LIBS_value=
ac_cv_env_JSON_CFLAGS_set=
ac_cv_env_JSON_CFLAGS_value=
ac_cv_env_JSON_LIBS_set=
ac_cv_env_JSON_LIBS_value=
ac_cv_env_LDFLAGS_set=
ac_cv_env_LDFLAGS_value=
ac_cv_env_LIBS_set=
ac_cv_env_LIBS_value=
ac_cv_env_LT_SYS_LIBRARY_PATH_set=
ac_cv_env_LT_SYS_LIBRARY_PATH_value=
ac_cv_env_MHD_CFLAGS_set=
ac_cv_env_MHD_CFLAGS_value=
ac_cv_env_MHD_LIBS_set=
ac_cv_env_MHD_LIBS_value=
ac_cv_env_PKG_CONFIG_LIBDIR_set=
ac_cv_env_PKG_CONFIG_LIBDIR_value=
ac_cv_env_PKG_CONFIG_PATH_set=set
ac_cv_env_PKG_CONFIG_PATH_value=/mingw64/lib/pkgconfig:/mingw64/share/pkgconfig
ac_cv_env_PKG_CONFIG_set=
ac_cv_env_PKG_CONFIG_value=
ac_cv_env_PROTOBUF_CFLAGS_set=
ac_cv_env_PROTOBUF_CFLAGS_value=
ac_cv_env_PROTOBUF_LIBS_set=
ac_cv_env_PROTOBUF_LIBS_value=
ac_cv_env_PYTHON_set=
ac_cv_env_PYTHON_value=
ac_cv_env_SQLITE3_CFLAGS_set=
ac_cv_env_SQLITE3_CFLAGS_value=
ac_cv_env_SQLITE3_LIBS_set=
ac_cv_env_SQLITE3_LIBS_value=
ac_cv_env_XAYAGAME_CFLAGS_set=
ac_cv_env_XAYAGAME_CFLAGS_value=
ac_cv_env_XAYAGAME_LIBS_set=
ac_cv_env_XAYAGAME_LIBS_value=
ac_cv_env_build_alias_set=
ac_cv_env_build_alias_value=
ac_cv_env_host_alias_set=
ac_cv_env_host_alias_value=
ac_cv_env_target_alias_set=
ac_cv_env_target_alias_value=
ac_cv_exeext=.exe
ac_cv_header_dlfcn_h=no
ac_cv_header_inttypes_h=yes
ac_cv_header_stdint_h=yes
ac_cv_header_stdio_h=yes
ac_cv_header_stdlib_h=yes
ac_cv_header_string_h=yes
ac_cv_header_strings_h=yes
ac_cv_header_sys_stat_h=yes
ac_cv_header_sys_types_h=yes
ac_cv_header_unistd_h=yes
ac_cv_host=x86_64-w64-mingw32
ac_cv_lib_gmp___gmpz_init=yes
ac_cv_objext=o
ac_cv_path_EGREP='/usr/bin/grep -E'
ac_cv_path_FGREP='/usr/bin/grep -F'
ac_cv_path_GREP=/usr/bin/grep
ac_cv_path_PYTHON=/mingw64/bin/python
ac_cv_path_SED=/usr/bin/sed
ac_cv_path_ac_pt_PKG_CONFIG=/mingw64/bin/pkg-config
ac_cv_path_install='/usr/bin/install -c'
ac_cv_path_lt_DD=/usr/bin/dd
ac_cv_path_mkdir=/usr/bin/mkdir
ac_cv_prog_AWK=gawk
ac_cv_prog_CXXCPP='g++ -E'
ac_cv_prog_ac_ct_AR=ar
ac_cv_prog_ac_ct_CC=gcc
ac_cv_prog_ac_ct_CXX=g++
ac_cv_prog_ac_ct_DLLTOOL=dlltool
ac_cv_prog_ac_ct_OBJDUMP=objdump
ac_cv_prog_ac_ct_RANLIB=ranlib
ac_cv_prog_ac_ct_STRIP=strip
ac_cv_prog_cc_c11=
ac_cv_prog_cc_g=yes
ac_cv_prog_cc_stdc=
ac_cv_prog_cxx_11=no
ac_cv_prog_cxx_cxx11=
ac_cv_prog_cxx_g=yes
ac_cv_prog_cxx_stdcxx=
ac_cv_prog_make_make_set=yes
am_cv_CCAS_dependencies_compiler_type=gcc3
am_cv_CC_dependencies_compiler_type=gcc3
am_cv_CXX_dependencies_compiler_type=gcc3
am_cv_ar_interface=ar
am_cv_make_support_nested_variables=yes
am_cv_pathless_PYTHON=python
am_cv_prog_cc_c_o=yes
am_cv_python_platform=win32
am_cv_python_pyexecdir='${exec_prefix}/lib/python3.8/site-packages'
am_cv_python_pythondir='${prefix}/lib/python3.8/site-packages'
am_cv_python_version=3.8
ax_cv_check_cxxflags___Wall=yes
ax_cv_cxx_compile_cxx14__std_cpp14=yes
lt_cv_ar_at_file=@
lt_cv_archive_cmds_need_lc=yes
lt_cv_deplibs_check_method='file_magic ^x86 archive import|^x86 DLL'
lt_cv_file_magic_cmd=func_win32_libid
lt_cv_file_magic_test_file=
lt_cv_ld_reload_flag=-r
lt_cv_nm_interface='BSD nm'
lt_cv_objdir=.libs
lt_cv_path_LD=C:/msys64/mingw64/x86_64-w64-mingw32/bin/ld.exe
lt_cv_path_LDCXX=C:/msys64/mingw64/x86_64-w64-mingw32/bin/ld.exe
lt_cv_path_NM='/mingw64/bin/nm -B'
lt_cv_path_mainfest_tool=no
lt_cv_prog_compiler_c_o=yes
lt_cv_prog_compiler_c_o_CXX=yes
lt_cv_prog_compiler_pic='-DDLL_EXPORT -DPIC'
lt_cv_prog_compiler_pic_CXX='-DDLL_EXPORT -DPIC'
lt_cv_prog_compiler_pic_works=yes
lt_cv_prog_compiler_pic_works_CXX=yes
lt_cv_prog_compiler_rtti_exceptions=no
lt_cv_prog_compiler_static_works=yes
lt_cv_prog_compiler_static_works_CXX=yes
lt_cv_prog_gnu_ld=yes
lt_cv_prog_gnu_ldcxx=yes
lt_cv_sharedlib_from_linklib_cmd=func_cygming_dll_for_implib
lt_cv_sys_global_symbol_pipe='sed -n -e '\''s/^.*[	 ]\([ABCDGIRSTW][ABCDGIRSTW]*\)[	 ][	 ]*\([_A-Za-z][_A-Za-z0-9]*\)\{0,1\}$/\1 \2 \2/p'\'' | sed '\''/ __gnu_lto/d'\'''
lt_cv_sys_global_symbol_to_c_name_address='sed -n -e '\''s/^: \(.*\) .*$/  {"\1", (void *) 0},/p'\'' -e '\''s/^[ABCDGIRSTW][ABCDGIRSTW]* .* \(.*\)$/  {"\1", (void *) \&\1},/p'\'''
lt_cv_sys_global_symbol_to_c_name_address_lib_prefix='sed -n -e '\''s/^: \(.*\) .*$/  {"\1", (void *) 0},/p'\'' -e '\''s/^[ABCDGIRSTW][ABCDGIRSTW]* .* \(lib.*\)$/  {"\1", (void *) \&\1},/p'\'' -e '\''s/^[ABCDGIRSTW][ABCDGIRSTW]* .* \(.*\)$/  {"lib\1", (void *) \&\1},/p'\'''
lt_cv_sys_global_symbol_to_cdecl='sed -n -e '\''s/^T .* \(.*\)$/extern int \1();/p'\'' -e '\''s/^[ABCDGIRSTW][ABCDGIRSTW]* .* \(.*\)$/extern char \1;/p'\'''
lt_cv_sys_global_symbol_to_import=
lt_cv_sys_max_cmd_len=8192
lt_cv_to_host_file_cmd=func_convert_file_msys_to_w32
lt_cv_to_tool_file_cmd=func_convert_file_msys_to_w32
lt_cv_truncate_bin='/usr/bin/dd bs=4096 count=1'
pkg_cv_BENCHMARK_CFLAGS='-IC:/msys64/mingw64/include '
pkg_cv_BENCHMARK_LIBS='-LC:/msys64/mingw64/lib -lbenchmark -lpthread '
pkg_cv_CHARON_CFLAGS='-IC:/msys64/mingw64/include -IC:/msys64/home/RyuMaster/libjson-rpc-cpp/dist/include -I/include '
pkg_cv_CHARON_LIBS='-LC:/msys64/mingw64/lib -lcharon -LC:/msys64/home/RyuMaster/libjson-rpc-cpp/dist/lib/ -ljsoncpp -ljsonrpccpp-common -ljsonrpccpp-server -lmicrohttpd -lgloox -lws2_32 -lgdi32 -ldnsapi -lcrypt32 -lsecur32 -lssl -lcrypto -lz '
pkg_cv_GFLAGS_CFLAGS='-IC:/msys64/mingw64/include '
pkg_cv_GFLAGS_LIBS='-LC:/msys64/mingw64/lib -lgflags '
pkg_cv_GLOG_CFLAGS='-IC:/msys64/mingw64/include '
pkg_cv_GLOG_LIBS='-LC:/msys64/mingw64/lib -lglog '
pkg_cv_GTEST_CFLAGS='-IC:/msys64/mingw64/include -DGTEST_HAS_PTHREAD=0 '
pkg_cv_GTEST_LIBS='-LC:/msys64/mingw64/lib -lgmock -lgtest '
pkg_cv_GTEST_MAIN_CFLAGS='-IC:/msys64/mingw64/include -DGTEST_HAS_PTHREAD=0 '
pkg_cv_GTEST_MAIN_LIBS='-LC:/msys64/mingw64/lib -lgtest_main -lgtest '
pkg_cv_JSON_CFLAGS='-IC:/msys64/mingw64/include '
pkg_cv_JSON_LIBS='-LC:/msys64/mingw64/lib -ljsoncpp '
pkg_cv_MHD_CFLAGS='-IC:/msys64/mingw64/include -IC:/msys64/mingw64/include/p11-kit-1 '
pkg_cv_MHD_LIBS='-LC:/msys64/mingw64/lib -lmicrohttpd '
pkg_cv_PROTOBUF_CFLAGS='-IC:/msys64/mingw64/include '
pkg_cv_PROTOBUF_LIBS='-LC:/msys64/mingw64/lib -lprotobuf '
pkg_cv_SQLITE3_CFLAGS='-IC:/msys64/mingw64/include '
pkg_cv_SQLITE3_LIBS='-LC:/msys64/mingw64/lib -lsqlite3 '
pkg_cv_XAYAGAME_CFLAGS='-IC:/msys64/mingw64/include -IC:/msys64/home/RyuMaster/libjson-rpc-cpp/dist/include -IC:/msys64/mingw64/include/p11-kit-1 '
pkg_cv_XAYAGAME_LIBS='-LC:/msys64/mingw64/lib -lxayagame -LC:/msys64/home/RyuMaster/libjson-rpc-cpp/dist/lib/ -ljsonrpccpp-client -ljsoncpp -ljsonrpccpp-common -ljsonrpccpp-server -lmicrohttpd -lcurl -lsqlite3 -llmdb -lprotobuf -lglog -lxayautil '

## ----------------- ##
## Output variables. ##
## ----------------- ##

ACLOCAL='${SHELL} '\''/home/RyuMaster/tfgsp/missing'\'' aclocal-1.16'
AMDEPBACKSLASH='\'
AMDEP_FALSE='#'
AMDEP_TRUE=''
AMTAR='$${TAR-tar}'
AM_BACKSLASH='\'
AM_DEFAULT_V='$(AM_DEFAULT_VERBOSITY)'
AM_DEFAULT_VERBOSITY='0'
AM_V='$(V)'
AR='ar'
AUTOCONF='${SHELL} '\''/home/RyuMaster/tfgsp/missing'\'' autoconf'
AUTOHEADER='${SHELL} '\''/home/RyuMaster/tfgsp/missing'\'' autoheader'
AUTOMAKE='${SHELL} '\''/home/RyuMaster/tfgsp/missing'\'' automake-1.16'
AWK='gawk'
BENCHMARK_CFLAGS='-IC:/msys64/mingw64/include '
BENCHMARK_LIBS='-LC:/msys64/mingw64/lib -lbenchmark -lpthread '
CC='gcc'
CCAS='gcc'
CCASDEPMODE='depmode=gcc3'
CCASFLAGS='-g -O2'
CCDEPMODE='depmode=gcc3'
CFLAGS='-g -O2'
CHARON_CFLAGS='-IC:/msys64/mingw64/include -IC:/msys64/home/RyuMaster/libjson-rpc-cpp/dist/include -I/include '
CHARON_LIBS='-LC:/msys64/mingw64/lib -lcharon -LC:/msys64/home/RyuMaster/libjson-rpc-cpp/dist/lib/ -ljsoncpp -ljsonrpccpp-common -ljsonrpccpp-server -lmicrohttpd -lgloox -lws2_32 -lgdi32 -ldnsapi -lcrypt32 -lsecur32 -lssl -lcrypto -lz '
CHARON_PREFIX='/usr/local'
CPPFLAGS=''
CXX='g++ -std=c++14'
CXXCPP='g++ -E -std=c++14'
CXXDEPMODE='depmode=gcc3'
CXXFLAGS='-g -O2 -Wall -DGLOG_NO_ABBREVIATED_SEVERITIES'
CYGPATH_W='cygpath -w'
DEFS='-DHAVE_CONFIG_H'
DEPDIR='.deps'
DLLTOOL='dlltool'
DSYMUTIL=''
DUMPBIN=''
ECHO_C=''
ECHO_N='-n'
ECHO_T=''
EGREP='/usr/bin/grep -E'
EXEEXT='.exe'
FGREP='/usr/bin/grep -F'
GFLAGS_CFLAGS='-IC:/msys64/mingw64/include '
GFLAGS_LIBS='-LC:/msys64/mingw64/lib -lgflags '
GLOG_CFLAGS='-IC:/msys64/mingw64/include '
GLOG_LIBS='-LC:/msys64/mingw64/lib -lglog '
GMP_CFLAGS=''
GMP_LIBS='-lgmp'
GREP='/usr/bin/grep'
GTEST_CFLAGS='-IC:/msys64/mingw64/include -DGTEST_HAS_PTHREAD=0 '
GTEST_LIBS='-LC:/msys64/mingw64/lib -lgmock -lgtest '
GTEST_MAIN_CFLAGS='-IC:/msys64/mingw64/include -DGTEST_HAS_PTHREAD=0 '
GTEST_MAIN_LIBS='-LC:/msys64/mingw64/lib -lgtest_main -lgtest '
HAVE_CXX14='1'
INSTALL_DATA='${INSTALL} -m 644'
INSTALL_PROGRAM='${INSTALL}'
INSTALL_SCRIPT='${INSTALL}'
INSTALL_STRIP_PROGRAM='$(install_sh) -c -s'
JSON_CFLAGS='-IC:/msys64/mingw64/include '
JSON_LIBS='-LC:/msys64/mingw64/lib -ljsoncpp '
LD='C:/msys64/mingw64/x86_64-w64-mingw32/bin/ld.exe'
LDFLAGS=''
LIBOBJS=''
LIBS='-lgmp '
LIBTOOL='$(SHELL) $(top_builddir)/libtool'
LIPO=''
LN_S='cp -pR'
LTLIBOBJS=''
LT_SYS_LIBRARY_PATH=''
MAKEINFO='${SHELL} '\''/home/RyuMaster/tfgsp/missing'\'' makeinfo'
MANIFEST_TOOL=':'
MHD_CFLAGS='-IC:/msys64/mingw64/include -IC:/msys64/mingw64/include/p11-kit-1 '
MHD_LIBS='-LC:/msys64/mingw64/lib -lmicrohttpd '
MKDIR_P='/usr/bin/mkdir -p'
NM='/mingw64/bin/nm -B'
NMEDIT=''
OBJDUMP='objdump'
OBJEXT='o'
OTOOL64=''
OTOOL=''
PACKAGE='tfd'
PACKAGE_BUGREPORT=''
PACKAGE_NAME='tfd'
PACKAGE_STRING='tfd 0.4'
PACKAGE_TARNAME='tfd'
PACKAGE_URL=''
PACKAGE_VERSION='0.4'
PATH_SEPARATOR=':'
PKG_CONFIG='/mingw64/bin/pkg-config --static'
PKG_CONFIG_LIBDIR=''
PKG_CONFIG_PATH='/mingw64/lib/pkgconfig:/mingw64/share/pkgconfig'
PROTOBUF_CFLAGS='-IC:/msys64/mingw64/include '
PROTOBUF_LIBS='-LC:/msys64/mingw64/lib -lprotobuf '
PYTHON='/mingw64/bin/python'
PYTHON_EXEC_PREFIX='${exec_prefix}'
PYTHON_PLATFORM='win32'
PYTHON_PREFIX='${prefix}'
PYTHON_VERSION='3.8'
RANLIB='ranlib'
SED='/usr/bin/sed'
SET_MAKE=''
SHELL='/bin/sh'
SQLITE3_CFLAGS='-IC:/msys64/mingw64/include '
SQLITE3_LIBS='-LC:/msys64/mingw64/lib -lsqlite3 '
STRIP='strip'
VERSION='0.4'
XAYAGAME_CFLAGS='-IC:/msys64/mingw64/include -IC:/msys64/home/RyuMaster/libjson-rpc-cpp/dist/include -IC:/msys64/mingw64/include/p11-kit-1 '
XAYAGAME_LIBS='-LC:/msys64/mingw64/lib -lxayagame -LC:/msys64/home/RyuMaster/libjson-rpc-cpp/dist/lib/ -ljsonrpccpp-client -ljsoncpp -ljsonrpccpp-common -ljsonrpccpp-server -lmicrohttpd -lcurl -lsqlite3 -llmdb -lprotobuf -lglog -lxayautil '
ac_ct_AR='ar'
ac_ct_CC='gcc'
ac_ct_CXX='g++'
ac_ct_DUMPBIN=''
am__EXEEXT_FALSE='#'
am__EXEEXT_TRUE=''
am__fastdepCCAS_FALSE='#'
am__fastdepCCAS_TRUE=''
am__fastdepCC_FALSE='#'
am__fastdepCC_TRUE=''
am__fastdepCXX_FALSE='#'
am__fastdepCXX_TRUE=''
am__include='include'
am__isrc=''
am__leading_dot='.'
am__nodep='_no'
am__quote=''
am__tar='$${TAR-tar} chof - "$$tardir"'
am__untar='$${TAR-tar} xf -'
bindir='${exec_prefix}/bin'
build='x86_64-w64-mingw32'
build_alias='x86_64-w64-mingw32'
build_cpu='x86_64'
build_os='mingw32'
build_vendor='w64'
datadir='${datarootdir}'
datarootdir='${prefix}/share'
docdir='${datarootdir}/doc/${PACKAGE_TARNAME}'
dvidir='${docdir}'
exec_prefix='${prefix}'
host='x86_64-w64-mingw32'
host_alias=''
host_cpu='x86_64'
host_os='mingw32'
host_vendor='w64'
htmldir='${docdir}'
includedir='${prefix}/include'
infodir='${datarootdir}/info'
install_sh='${SHELL} /home/RyuMaster/tfgsp/install-sh'
libdir='${exec_prefix}/lib'
libexecdir='${exec_prefix}/libexec'
localedir='${datarootdir}/locale'
localstatedir='${prefix}/var'
mandir='${datarootdir}/man'
mkdir_p='$(MKDIR_P)'
oldincludedir='/usr/include'
pdfdir='${docdir}'
pkgpyexecdir='${pyexecdir}/tfd'
pkgpythondir='${pythondir}/tfd'
prefix='/mingw64'
program_transform_name='s,x,x,'
psdir='${docdir}'
pyexecdir='${exec_prefix}/lib/python3.8/site-packages'
pythondir='${prefix}/lib/python3.8/site-packages'
runstatedir='${localstatedir}/run'
sbindir='${exec_prefix}/sbin'
sharedstatedir='${prefix}/com'
sysconfdir='${prefix}/etc'
target_alias=''

## ----------- ##
## confdefs.h. ##
## ----------- ##

/* confdefs.h */
#define PACKAGE_NAME "tfd"
#define PACKAGE_TARNAME "tfd"
#define PACKAGE_VERSION "0.4"
#define PACKAGE_STRING "tfd 0.4"
#define PACKAGE_BUGREPORT ""
#define PACKAGE_URL ""
#define PACKAGE "tfd"
#define VERSION "0.4"
#define HAVE_STDIO_H 1
#define HAVE_STDLIB_H 1
#define HAVE_STRING_H 1
#define HAVE_INTTYPES_H 1
#define HAVE_STDINT_H 1
#define HAVE_STRINGS_H 1
#define HAVE_SYS_STAT_H 1
#define HAVE_SYS_TYPES_H 1
#define HAVE_UNISTD_H 1
#define STDC_HEADERS 1
#define LT_OBJDIR ".libs/"
#define HAVE_CXX14 1
#define HAVE_LIBGMP 1

configure: exit 0
